<?xml version="1.0" encoding="UTF-8"?>
<!-- Generated by org.testng.reporters.JUnitReportReporter -->
<testsuite hostname="RAJA" failures="0" tests="6" name="demowebshop_seleniumTests.MyaccountPage_test" time="133.725" errors="0" timestamp="2025-02-18T15:35:26 IST" skipped="0">
  <testcase classname="demowebshop_seleniumTests.MyaccountPage_test" name="myAccount_ChPas_test" time="27.341"/>
  <system-out/>
  <testcase classname="demowebshop_seleniumTests.MyaccountPage_test" name="myAccount_ChPas_test" time="19.209"/>
  <system-out/>
  <testcase classname="demowebshop_seleniumTests.MyaccountPage_test" name="myAccount_ChPas_test" time="20.270"/>
  <system-out/>
  <testcase classname="demowebshop_seleniumTests.MyaccountPage_test" name="myAccount_ChPas_test" time="17.762"/>
  <system-out/>
  <testcase classname="demowebshop_seleniumTests.MyaccountPage_test" name="add_dlt_address" time="18.752"/>
  <system-out/>
  <testcase classname="demowebshop_seleniumTests.MyaccountPage_test" name="add_dlt_address" time="30.391"/>
  <system-out/>
</testsuite> <!-- demowebshop_seleniumTests.MyaccountPage_test -->
