<?xml version="1.0" encoding="UTF-8"?>
<!-- Generated by org.testng.reporters.JUnitReportReporter -->
<testsuite hostname="RAJA" failures="0" tests="1" name="demowebshop_seleniumTests.HomePage_test" time="31.985" errors="0" timestamp="2025-02-18T15:35:26 IST" skipped="0">
  <testcase classname="demowebshop_seleniumTests.HomePage_test" name="test_homePagelinks" time="31.985"/>
  <system-out/>
</testsuite> <!-- demowebshop_seleniumTests.HomePage_test -->
